2022-03-10 20:05:51,923 INFO  [XMLLog4jExample] This is info message 
2022-03-10 20:05:51,924 WARN  [XMLLog4jExample] This is Warning Message 
2022-03-10 20:05:51,924 ERROR [XMLLog4jExample] This is error Message 
2022-03-10 20:05:51,924 FATAL [XMLLog4jExample] This is fatal message 
2022-03-10 20:12:04,756 INFO  [log4jPackage.XMLLog4jExample] This is info message 
2022-03-10 20:12:04,757 WARN  [log4jPackage.XMLLog4jExample] This is Warning Message 
2022-03-10 20:12:04,757 ERROR [log4jPackage.XMLLog4jExample] This is error Message 
2022-03-10 20:12:04,757 FATAL [log4jPackage.XMLLog4jExample] This is fatal message 
2022-03-10 20:12:45,116 INFO  [log4jPackage.XMLLog4jExample]:16 This is info message 
2022-03-10 20:12:45,117 WARN  [log4jPackage.XMLLog4jExample]:17 This is Warning Message 
2022-03-10 20:12:45,118 ERROR [log4jPackage.XMLLog4jExample]:18 This is error Message 
2022-03-10 20:12:45,118 FATAL [log4jPackage.XMLLog4jExample]:19 This is fatal message 
2022-03-10 20:13:58,194 INFO  [log4jPackage.XMLLog4jExample]:16 This is info message 
2022-03-10 20:13:58,196 WARN  [log4jPackage.XMLLog4jExample]:17 This is Warning Message 
2022-03-10 20:13:58,196 ERROR [log4jPackage.XMLLog4jExample]:18 This is error Message 
2022-03-10 20:13:58,196 FATAL [log4jPackage.XMLLog4jExample]:19 This is fatal message 
2022-03-10 20:14:30,424 DEBUG [log4jPackage.XMLLog4jExample]:15 This is debug message 
2022-03-10 20:14:30,426 INFO  [log4jPackage.XMLLog4jExample]:16 This is info message 
2022-03-10 20:14:30,426 WARN  [log4jPackage.XMLLog4jExample]:17 This is Warning Message 
2022-03-10 20:14:30,426 ERROR [log4jPackage.XMLLog4jExample]:18 This is error Message 
2022-03-10 20:14:30,426 FATAL [log4jPackage.XMLLog4jExample]:19 This is fatal message 
